<?xml version="1.0" encoding="UTF-8"?>
<!-- Generated by org.testng.reporters.JUnitReportReporter -->
<testsuite hostname="BDC8-D-434RNMB" name="testCases.ValidateLoginPage" tests="1" failures="0" timestamp="9 Nov 2017 07:01:12 GMT" time="53.126" errors="0">
  <testcase name="test" time="53.126" classname="testCases.ValidateLoginPage"/>
</testsuite> <!-- testCases.ValidateLoginPage -->
